<?xml version="1.0" encoding="UTF-8"?>
<!-- Generated by org.testng.reporters.JUnitXMLReporter -->
<testsuite hostname="DESKTOP-SRN6HAV" ignored="0" name="Test" tests="5" failures="0" timestamp="2022-04-29T10:03:24 IST" time="41.45" errors="0">
  <testcase name="OpenCrome" time="11.264" classname="calcultor_operation.Calculator"/>
  <testcase name="Addition" time="16.837" classname="calcultor_operation.Calculator"/>
  <testcase name="Multiplication" time="5.415" classname="calcultor_operation.Calculator"/>
  <testcase name="Division" time="3.821" classname="calcultor_operation.Calculator"/>
  <testcase name="subtraction" time="3.93" classname="calcultor_operation.Calculator"/>
</testsuite> <!-- Test -->
