<?xml version="1.0" encoding="UTF-8"?>
<testng-results skipped="0" failed="0" ignored="0" total="5" passed="5">
  <reporter-output>
  </reporter-output>
  <suite name="Suite" duration-ms="41450" started-at="2022-04-29T10:02:43 IST" finished-at="2022-04-29T10:03:24 IST">
    <groups>
    </groups>
    <test name="Test" duration-ms="41450" started-at="2022-04-29T10:02:43 IST" finished-at="2022-04-29T10:03:24 IST">
      <class name="calcultor_operation.Calculator">
        <test-method status="PASS" signature="OpenCrome()[pri:0, instance:calcultor_operation.Calculator@67205a84]" name="OpenCrome" duration-ms="11264" started-at="2022-04-29T10:02:43 IST" finished-at="2022-04-29T10:02:54 IST">
          <reporter-output>
          </reporter-output>
        </test-method> <!-- OpenCrome -->
        <test-method status="PASS" signature="Addition()[pri:1, instance:calcultor_operation.Calculator@67205a84]" name="Addition" duration-ms="16837" started-at="2022-04-29T10:02:54 IST" finished-at="2022-04-29T10:03:11 IST">
          <reporter-output>
          </reporter-output>
        </test-method> <!-- Addition -->
        <test-method status="PASS" signature="Multiplication()[pri:2, instance:calcultor_operation.Calculator@67205a84]" name="Multiplication" duration-ms="5415" started-at="2022-04-29T10:03:11 IST" finished-at="2022-04-29T10:03:16 IST">
          <reporter-output>
          </reporter-output>
        </test-method> <!-- Multiplication -->
        <test-method status="PASS" signature="Division()[pri:3, instance:calcultor_operation.Calculator@67205a84]" name="Division" duration-ms="3821" started-at="2022-04-29T10:03:16 IST" finished-at="2022-04-29T10:03:20 IST">
          <reporter-output>
          </reporter-output>
        </test-method> <!-- Division -->
        <test-method status="PASS" signature="subtraction()[pri:4, instance:calcultor_operation.Calculator@67205a84]" name="subtraction" duration-ms="3930" started-at="2022-04-29T10:03:20 IST" finished-at="2022-04-29T10:03:24 IST">
          <reporter-output>
          </reporter-output>
        </test-method> <!-- subtraction -->
      </class> <!-- calcultor_operation.Calculator -->
    </test> <!-- Test -->
  </suite> <!-- Suite -->
</testng-results>
